<?xml version="1.0" encoding="utf-8"?><testsuites name="pytest tests"><testsuite name="pytest" errors="0" failures="1" skipped="0" tests="23" time="5.359" timestamp="2026-09-15T17:39:57.836525+00:00" hostname="agent-env-3d620405-4a8f-4463-b47b-7fadc286bc2a"><testcase classname="tests.backend_test.TestShipping" name="test_shipping_options" time="0.300" /><testcase classname="tests.backend_test.TestCatalog" name="test_collections" time="0.341" /><testcase classname="tests.backend_test.TestShipping" name="test_quote_standard" time="0.160" /><testcase classname="tests.backend_test.TestCatalog" name="test_list_products" time="0.095" /><testcase classname="tests.backend_test.TestCatalog" name="test_filter_by_collection" time="0.203" /><testcase classname="tests.backend_test.TestShipping" name="test_quote_pickup_free" time="0.143" /><testcase classname="tests.backend_test.TestShipping" name="test_quote_invalid_option" time="0.181" /><testcase classname="tests.backend_test.TestCatalog" name="test_search" time="0.077" /><testcase classname="tests.backend_test.TestCatalog" name="test_sort_price_asc" time="0.077" /><testcase classname="tests.backend_test.TestAuth" name="test_register_and_me" time="0.475"><failure message="AssertionError: assert 'test_user_de...0@example.com' == 'TEST_user_de...0@example.com'&#10;  &#10;  - TEST_user_dee4b810@example.com&#10;  ? ^^^^&#10;  + test_user_dee4b810@example.com&#10;  ? ^^^^">backend/tests/backend_test.py:129: in test_register_and_me
    assert r.json()["user"]["email"] == email
E   AssertionError: assert 'test_user_de...0@example.com' == 'TEST_user_de...0@example.com'
E     
E     - TEST_user_dee4b810@example.com
E     ? ^^^^
E     + test_user_dee4b810@example.com
E     ? ^^^^</failure></testcase><testcase classname="tests.backend_test.TestCatalog" name="test_get_product_detail" time="0.163" /><testcase classname="tests.backend_test.TestCatalog" name="test_get_product_not_found" time="0.240" /><testcase classname="tests.backend_test.TestAuth" name="test_register_duplicate" time="0.555" /><testcase classname="tests.backend_test.TestAdmin" name="test_stats" time="0.778" /><testcase classname="tests.backend_test.TestAuth" name="test_login_invalid" time="0.137" /><testcase classname="tests.backend_test.TestAdmin" name="test_stats_forbidden_for_guest" time="0.102" /><testcase classname="tests.backend_test.TestAdmin" name="test_product_crud" time="1.571" /><testcase classname="tests.backend_test.TestAuth" name="test_admin_login" time="0.497" /><testcase classname="tests.backend_test.TestCheckout" name="test_guest_checkout_creates_stripe_session" time="1.031" /><testcase classname="tests.backend_test.TestCheckout" name="test_checkout_admin_user" time="0.674" /><testcase classname="tests.backend_test.TestAdmin" name="test_admin_orders_list" time="0.087" /><testcase classname="tests.backend_test.TestOrders" name="test_orders_requires_auth" time="0.336" /><testcase classname="tests.backend_test.TestOrders" name="test_update_order_status" time="0.220" /></testsuite></testsuites>